
User created.


Grant succeeded.

Connected.

PL/SQL procedure successfully completed.

drop table national_prescriber_data
           *
ERROR at line 1:
ORA-00942: table or view does not exist 



Table created.

drop table state_prescriber_data
           *
ERROR at line 1:
ORA-00942: table or view does not exist 



Table created.


Grant succeeded.


Grant succeeded.


Table dropped.


Table created.


Table dropped.


Table created.

drop table loaddata
           *
ERROR at line 1:
ORA-00942: table or view does not exist 



Table created.


PL/SQL procedure successfully completed.


RX_YEAR                                                                         
--------------------------------------------------------------------------------
  COUNT(*)                                                                      
----------                                                                      
2016                                                                            
      3393                                                                      
                                                                                
2015                                                                            
      3395                                                                      
                                                                                
2014                                                                            
      3362                                                                      
                                                                                

RX_YEAR                                                                         
--------------------------------------------------------------------------------
  COUNT(*)                                                                      
----------                                                                      
2013                                                                            
      3447                                                                      
                                                                                


Table dropped.


Table created.


PL/SQL procedure successfully completed.


RX_YEAR                                                                         
--------------------------------------------------------------------------------
  COUNT(*)                                                                      
----------                                                                      
2016                                                                            
    106247                                                                      
                                                                                
2015                                                                            
    105637                                                                      
                                                                                
2014                                                                            
    104070                                                                      
                                                                                

RX_YEAR                                                                         
--------------------------------------------------------------------------------
  COUNT(*)                                                                      
----------                                                                      
2013                                                                            
    103310                                                                      
                                                                                

